<?xml version="1.0" encoding="UTF-8"?>
<!-- Generated by org.testng.reporters.JUnitReportReporter -->
<testsuite hostname="ABHINASH" failures="0" tests="1" name="Scripts.TestCase2" time="97.199" errors="0" timestamp="2023-08-04T11:43:45 IST" skipped="0">
  <testcase classname="Scripts.TestCase2" name="tc2" time="97.199"/>
</testsuite> <!-- Scripts.TestCase2 -->
