<?xml version="1.0" encoding="UTF-8"?>
<!-- Generated by org.testng.reporters.JUnitReportReporter -->
<testsuite hostname="ABHINASH" failures="0" tests="1" name="Scripts.TestCase111" time="101.164" errors="0" timestamp="2023-08-04T11:43:45 IST" skipped="0">
  <testcase classname="Scripts.TestCase111" name="tc11" time="101.164"/>
</testsuite> <!-- Scripts.TestCase111 -->
